2025-07-18 03:04:34,379 [INFO] ­ЪћЇ TSMC№╝џ./data/TSMC 2024Q1.pdf
2025-07-18 03:04:34,380 [INFO] ТюфтЂхТИгтѕ░УЄфт«џуЙЕжЌюжЇхтГЌ№╝їСй┐ућежаљУеГ
2025-07-18 03:04:34,567 [INFO] OCR ТЊитЈќжаЂуб╝ 1
2025-07-18 03:04:35,358 [INFO] OCR ТЊитЈќжаЂуб╝ 2
2025-07-18 03:04:36,518 [INFO] OCR ТЊитЈќжаЂуб╝ 3
2025-07-18 03:04:38,301 [INFO] OCR ТЊитЈќжаЂуб╝ 4
2025-07-18 03:04:40,811 [INFO] OCR ТЊитЈќжаЂуб╝ 5
2025-07-18 03:04:42,248 [INFO] OCR ТЊитЈќжаЂуб╝ 6
2025-07-18 03:04:43,694 [INFO] OCR ТЊитЈќжаЂуб╝ 7
2025-07-18 03:04:44,491 [INFO] OCR ТЊитЈќжаЂуб╝ 8
2025-07-18 03:04:46,646 [INFO] OCR ТЊитЈќжаЂуб╝ 9
2025-07-18 03:04:48,102 [INFO] OCR ТЊитЈќжаЂуб╝ 10
2025-07-18 03:04:49,687 [INFO] OCR ТЊитЈќжаЂуб╝ 11
2025-07-18 03:05:25,573 [INFO] Load pretrained SentenceTransformer: sentence-transformers/all-MiniLM-L6-v2
2025-07-18 03:05:36,118 [INFO] Loading faiss with AVX2 support.
2025-07-18 03:05:36,175 [INFO] Successfully loaded faiss with AVX2 support.
2025-07-18 03:05:36,182 [INFO] Failed to load GPU Faiss: name 'GpuIndexIVFFlat' is not defined. Will not load constructor refs for GPU indexes. This is only an error if you're trying to use GPU Faiss.
2025-07-18 03:05:36,197 [INFO] РюЁ тљЉжЄЈт║Ф+тѕєТ«хmetadataти▓тГў№╝џC:\financial_chatbot\vectorstore\TSMC\db_faiss
2025-07-18 03:05:36,199 [INFO] РџА TSMC ТюЅжЃетѕєжаЂжЮбтЋЪућеOCR№╝їУФІТфбТЪЦжаљУдйТфћтЁДт«╣Тў»тљдТГБтИИ
2025-07-18 03:05:36,200 [INFO] ­ЪЈЂ TSMC т«їТѕљтљЉжЄЈт║ФУѕЄУ│ЄТќЎт╗║уй«
2025-07-18 03:05:36,200 [INFO] ­ЪЈЂ тЁежЃеУЎЋуљєт«їТѕљ№╝їућеТЎѓ 61.82 уДњ
