2025-07-18 03:15:57,174 [INFO] ­ЪћЇ TSMC№╝џ./data/TSMC 2024Q1.pdf
2025-07-18 03:15:57,175 [INFO] ТюфтЂхТИгтѕ░УЄфт«џуЙЕжЌюжЇхтГЌ№╝їСй┐ућежаљУеГ
2025-07-18 03:15:57,373 [INFO] OCR ТЊитЈќжаЂуб╝ 1
2025-07-18 03:15:58,998 [INFO] OCR ТЊитЈќжаЂуб╝ 2
2025-07-18 03:16:01,469 [INFO] OCR ТЊитЈќжаЂуб╝ 3
2025-07-18 03:16:05,354 [INFO] OCR ТЊитЈќжаЂуб╝ 4
2025-07-18 03:16:09,997 [INFO] OCR ТЊитЈќжаЂуб╝ 5
2025-07-18 03:16:12,731 [INFO] OCR ТЊитЈќжаЂуб╝ 6
2025-07-18 03:16:15,559 [INFO] OCR ТЊитЈќжаЂуб╝ 7
2025-07-18 03:16:17,188 [INFO] OCR ТЊитЈќжаЂуб╝ 8
2025-07-18 03:16:24,804 [INFO] OCR ТЊитЈќжаЂуб╝ 9
2025-07-18 03:16:27,708 [INFO] OCR ТЊитЈќжаЂуб╝ 10
2025-07-18 03:16:30,908 [INFO] OCR ТЊитЈќжаЂуб╝ 11
2025-07-18 03:17:05,907 [INFO] Load pretrained SentenceTransformer: sentence-transformers/all-MiniLM-L6-v2
2025-07-18 03:17:16,225 [INFO] Loading faiss with AVX2 support.
2025-07-18 03:17:16,248 [INFO] Successfully loaded faiss with AVX2 support.
2025-07-18 03:17:16,253 [INFO] Failed to load GPU Faiss: name 'GpuIndexIVFFlat' is not defined. Will not load constructor refs for GPU indexes. This is only an error if you're trying to use GPU Faiss.
2025-07-18 03:17:16,265 [INFO] РюЁ тљЉжЄЈт║Ф+тѕєТ«хmetadataти▓тГў№╝џC:\financial_chatbot\vectorstore\TSMC\db_faiss
2025-07-18 03:17:16,265 [INFO] РџА TSMC ТюЅжЃетѕєжаЂжЮбтЋЪућеOCR№╝їУФІТфбТЪЦжаљУдйТфћтЁДт«╣Тў»тљдТГБтИИ
2025-07-18 03:17:16,266 [INFO] ­ЪЈЂ TSMC т«їТѕљтљЉжЄЈт║ФУѕЄУ│ЄТќЎт╗║уй«
2025-07-18 03:17:16,266 [INFO] ­ЪЈЂ тЁежЃеУЎЋуљєт«їТѕљ№╝їућеТЎѓ 79.09 уДњ
