2025-07-18 03:12:13,610 [INFO] ­ЪћЇ TSMC№╝џ./data/TSMC 2024Q1.pdf
2025-07-18 03:12:13,611 [INFO] ТюфтЂхТИгтѕ░УЄфт«џуЙЕжЌюжЇхтГЌ№╝їСй┐ућежаљУеГ
2025-07-18 03:12:13,802 [INFO] OCR ТЊитЈќжаЂуб╝ 1
2025-07-18 03:12:14,726 [INFO] OCR ТЊитЈќжаЂуб╝ 2
2025-07-18 03:12:15,863 [INFO] OCR ТЊитЈќжаЂуб╝ 3
2025-07-18 03:12:17,538 [INFO] OCR ТЊитЈќжаЂуб╝ 4
2025-07-18 03:12:20,007 [INFO] OCR ТЊитЈќжаЂуб╝ 5
2025-07-18 03:12:21,424 [INFO] OCR ТЊитЈќжаЂуб╝ 6
2025-07-18 03:12:22,783 [INFO] OCR ТЊитЈќжаЂуб╝ 7
2025-07-18 03:12:23,577 [INFO] OCR ТЊитЈќжаЂуб╝ 8
2025-07-18 03:12:25,663 [INFO] OCR ТЊитЈќжаЂуб╝ 9
2025-07-18 03:12:27,223 [INFO] OCR ТЊитЈќжаЂуб╝ 10
2025-07-18 03:12:28,700 [INFO] OCR ТЊитЈќжаЂуб╝ 11
2025-07-18 03:13:02,296 [INFO] Load pretrained SentenceTransformer: sentence-transformers/all-MiniLM-L6-v2
2025-07-18 03:13:12,803 [INFO] Loading faiss with AVX2 support.
2025-07-18 03:13:12,831 [INFO] Successfully loaded faiss with AVX2 support.
2025-07-18 03:13:12,836 [INFO] Failed to load GPU Faiss: name 'GpuIndexIVFFlat' is not defined. Will not load constructor refs for GPU indexes. This is only an error if you're trying to use GPU Faiss.
2025-07-18 03:13:12,850 [INFO] РюЁ тљЉжЄЈт║Ф+тѕєТ«хmetadataти▓тГў№╝џC:\financial_chatbot\vectorstore\TSMC\db_faiss
2025-07-18 03:13:12,850 [INFO] РџА TSMC ТюЅжЃетѕєжаЂжЮбтЋЪућеOCR№╝їУФІТфбТЪЦжаљУдйТфћтЁДт«╣Тў»тљдТГБтИИ
2025-07-18 03:13:12,851 [INFO] ­ЪЈЂ TSMC т«їТѕљтљЉжЄЈт║ФУѕЄУ│ЄТќЎт╗║уй«
2025-07-18 03:13:12,851 [INFO] ­ЪЈЂ тЁежЃеУЎЋуљєт«їТѕљ№╝їућеТЎѓ 59.24 уДњ
