2025-07-18 03:25:54,690 [INFO] ­ЪћЇ TSMC№╝џ./data/TSMC 2024Q1.pdf
2025-07-18 03:25:54,690 [INFO] ТюфтЂхТИгтѕ░УЄфт«џуЙЕжЌюжЇхтГЌ№╝їСй┐ућежаљУеГ
2025-07-18 03:25:54,875 [INFO] OCR ТЊитЈќжаЂуб╝ 1
2025-07-18 03:25:56,675 [INFO] OCR ТЊитЈќжаЂуб╝ 2
2025-07-18 03:25:59,339 [INFO] OCR ТЊитЈќжаЂуб╝ 3
2025-07-18 03:26:03,179 [INFO] OCR ТЊитЈќжаЂуб╝ 4
2025-07-18 03:26:08,929 [INFO] OCR ТЊитЈќжаЂуб╝ 5
2025-07-18 03:26:11,658 [INFO] OCR ТЊитЈќжаЂуб╝ 6
2025-07-18 03:26:15,212 [INFO] OCR ТЊитЈќжаЂуб╝ 7
2025-07-18 03:26:17,079 [INFO] OCR ТЊитЈќжаЂуб╝ 8
2025-07-18 03:26:24,833 [INFO] OCR ТЊитЈќжаЂуб╝ 9
2025-07-18 03:26:27,992 [INFO] OCR ТЊитЈќжаЂуб╝ 10
2025-07-18 03:26:31,298 [INFO] OCR ТЊитЈќжаЂуб╝ 11
2025-07-18 03:27:06,872 [INFO] Load pretrained SentenceTransformer: sentence-transformers/all-MiniLM-L6-v2
2025-07-18 03:27:18,530 [INFO] Loading faiss with AVX2 support.
2025-07-18 03:27:18,552 [INFO] Successfully loaded faiss with AVX2 support.
2025-07-18 03:27:18,558 [INFO] Failed to load GPU Faiss: name 'GpuIndexIVFFlat' is not defined. Will not load constructor refs for GPU indexes. This is only an error if you're trying to use GPU Faiss.
2025-07-18 03:27:18,572 [INFO] РюЁ тљЉжЄЈт║Ф+тѕєТ«хmetadataти▓тГў№╝џC:\financial_chatbot\vectorstore\TSMC\db_faiss
2025-07-18 03:27:18,573 [INFO] РџА TSMC ТюЅжЃетѕєжаЂжЮбтЋЪућеOCR№╝їУФІТфбТЪЦжаљУдйТфћтЁДт«╣Тў»тљдТГБтИИ
2025-07-18 03:27:18,573 [INFO] ­ЪЈЂ TSMC т«їТѕљтљЉжЄЈт║ФУѕЄУ│ЄТќЎт╗║уй«
2025-07-18 03:27:18,573 [INFO] ­ЪЈЂ тЁежЃеУЎЋуљєт«їТѕљ№╝їућеТЎѓ 83.88 уДњ
